#-----------------------------------------------------------
# Vivado v2019.2 (64-bit)
# SW Build 2708876 on Wed Nov  6 21:40:23 MST 2019
# IP Build 2700528 on Thu Nov  7 00:09:20 MST 2019
# Start of session at: Tue Apr 20 19:52:11 2021
# Process ID: 8424
# Current directory: D:/6 pipelinemips
# Command line: vivado.exe -gui_launcher_event rodinguilauncherevent11448 D:\6 pipelinemips\pipelinemips.xpr
# Log file: D:/6 pipelinemips/vivado.log
# Journal file: D:/6 pipelinemips\vivado.jou
#-----------------------------------------------------------
start_gui
open_project {D:/6 pipelinemips/pipelinemips.xpr}
Scanning sources...
Finished scanning sources
INFO: [IP_Flow 19-234] Refreshing IP repositories
INFO: [IP_Flow 19-1704] No user IP repositories specified
INFO: [IP_Flow 19-2313] Loaded Vivado IP repository 'D:/Xilinx/Vivado/2019.2/data/ip'.
update_compile_order -fileset sources_1
exit
INFO: [Common 17-206] Exiting Vivado at Tue Apr 20 19:52:32 2021...
